<?xml version="1.0" encoding="UTF-8"?>
<testng-results skipped="0" failed="0" ignored="0" total="1" passed="1">
  <reporter-output>
  </reporter-output>
  <suite name="Default suite" duration-ms="6275" started-at="2023-01-02T21:03:05 CST" finished-at="2023-01-02T21:03:11 CST">
    <groups>
    </groups>
    <test name="Default test" duration-ms="6275" started-at="2023-01-02T21:03:05 CST" finished-at="2023-01-02T21:03:11 CST">
      <class name="homepageflowerstest.HomePageTest">
        <test-method status="PASS" signature="setup()[pri:0, instance:homepageflowerstest.HomePageTest@29b5cd00]" name="setup" is-config="true" duration-ms="5309" started-at="2023-01-02T21:03:05 CST" finished-at="2023-01-02T21:03:11 CST">
          <reporter-output>
          </reporter-output>
        </test-method> <!-- setup -->
        <test-method status="PASS" signature="clickOnFlowersTest()[pri:0, instance:homepageflowerstest.HomePageTest@29b5cd00]" name="clickOnFlowersTest" duration-ms="245" started-at="2023-01-02T21:03:11 CST" finished-at="2023-01-02T21:03:11 CST">
          <reporter-output>
          </reporter-output>
        </test-method> <!-- clickOnFlowersTest -->
        <test-method status="PASS" signature="teardown()[pri:0, instance:homepageflowerstest.HomePageTest@29b5cd00]" name="teardown" is-config="true" duration-ms="690" started-at="2023-01-02T21:03:11 CST" finished-at="2023-01-02T21:03:11 CST">
          <reporter-output>
          </reporter-output>
        </test-method> <!-- teardown -->
      </class> <!-- homepageflowerstest.HomePageTest -->
    </test> <!-- Default test -->
  </suite> <!-- Default suite -->
</testng-results>
