<?xml version="1.0" encoding="UTF-8"?>
<testng-results skipped="0" failed="0" ignored="0" total="1" passed="1">
  <reporter-output>
  </reporter-output>
  <suite name="Default suite" duration-ms="12722" started-at="2023-01-02T21:39:03 EST" finished-at="2023-01-02T21:39:16 EST">
    <groups>
    </groups>
    <test name="Default test" duration-ms="12722" started-at="2023-01-02T21:39:03 EST" finished-at="2023-01-02T21:39:16 EST">
      <class name="homepageflowerstest.HomePageTest">
        <test-method status="PASS" signature="setup()[pri:0, instance:homepageflowerstest.HomePageTest@e874448]" name="setup" is-config="true" duration-ms="11418" started-at="2023-01-02T21:39:03 EST" finished-at="2023-01-02T21:39:15 EST">
          <reporter-output>
          </reporter-output>
        </test-method> <!-- setup -->
        <test-method status="PASS" signature="clickOnFlowersTest()[pri:0, instance:homepageflowerstest.HomePageTest@e874448]" name="clickOnFlowersTest" duration-ms="752" started-at="2023-01-02T21:39:15 EST" finished-at="2023-01-02T21:39:16 EST">
          <reporter-output>
          </reporter-output>
        </test-method> <!-- clickOnFlowersTest -->
        <test-method status="PASS" signature="teardown()[pri:0, instance:homepageflowerstest.HomePageTest@e874448]" name="teardown" is-config="true" duration-ms="457" started-at="2023-01-02T21:39:16 EST" finished-at="2023-01-02T21:39:16 EST">
          <reporter-output>
          </reporter-output>
        </test-method> <!-- teardown -->
      </class> <!-- homepageflowerstest.HomePageTest -->
    </test> <!-- Default test -->
  </suite> <!-- Default suite -->
</testng-results>
